<?xml version="1.0" encoding="UTF-8"?>
<!-- Generated by org.testng.reporters.JUnitReportReporter -->
<testsuite hostname="VABD010627" failures="0" tests="5" name="APITesting.FirstApi" time="7.115" errors="0" timestamp="2022-02-14T12:17:02 IST" skipped="0">
  <testcase classname="APITesting.FirstApi" name="getResponseHeaders" time="0.057"/>
  <system-out/>
  <testcase classname="APITesting.FirstApi" name="getStatuscode" time="0.112"/>
  <system-out/>
  <testcase classname="APITesting.FirstApi" name="getResponseBody" time="6.778"/>
  <system-out/>
  <testcase classname="APITesting.FirstApi" name="getResponseContentType" time="0.105"/>
  <system-out/>
  <testcase classname="APITesting.FirstApi" name="getResponseTime" time="0.063"/>
  <system-out/>
</testsuite> <!-- APITesting.FirstApi -->
